<?xml version="1.0" encoding="UTF-8"?>
<!-- Generated by org.testng.reporters.JUnitReportReporter -->
<testsuite hostname="Kapil" failures="0" tests="1" name="JavaLeanring.JavaPrograms.reversenumber" time="0.011" errors="0" timestamp="2024-06-11T20:47:49 EDT" skipped="0">
  <testcase classname="JavaLeanring.JavaPrograms.reversenumber" name="reverse_number_approach" time="0.011"/>
  <system-out/>
</testsuite> <!-- JavaLeanring.JavaPrograms.reversenumber -->
